5.2796 	WARNING 	User requested fullscreen with size [1024  768], but screen is actually [1920, 1080]. Using actual size
6.0515 	EXP 	Created window1 = Window(allowGUI=False, allowStencil=False, args=UNKNOWN, autoLog=True, bitsMode=UNKNOWN, blendMode='avg', color=array([0., 0., 0.]), colorSpace='rgb', fullscr=<method-wrapper '__getattribute__' of attributeSetter object at 0x0BB8A510>, gamma=None, kwargs=UNKNOWN, lms=UNKNOWN, monitor=<psychopy.monitors.calibTools.Monitor object at 0x0F031350>, multiSample=False, name='window1', numSamples=2, pos=[0.0, 0.0], screen=0, size=array([1920, 1080]), stereo=False, units='norm', useFBO=True, useRetina=False, viewOri=0.0, viewPos=None, viewScale=None, waitBlanking=True, winType='pyglet')
6.0515 	EXP 	window1: recordFrameIntervals = False
6.2170 	EXP 	window1: recordFrameIntervals = True
6.4020 	EXP 	window1: recordFrameIntervals = False
6.5636 	EXP 	Created Estimate = ImageStim(__class__=<class 'psychopy.visual.image.ImageStim'>, autoLog=True, color=array([1., 1., 1.]), colorSpace='rgb', contrast=1.0, depth=0.0, flipHoriz=False, flipVert=False, image='RedPolkaVec.jpg', interpolate=True, mask=None, maskParams=None, name='Estimate', opacity=1.0, ori=0.0, pos=array([0., 0.]), size=array([0.5, 0.5]), texRes=128, units='norm', win=Window(...))
6.6483 	EXP 	Created Fixation = TextStim(__class__=<class 'psychopy.visual.text.TextStim'>, alignHoriz='center', alignVert='center', antialias=True, autoLog=True, bold=False, color='white', colorSpace='named', contrast=1.0, depth=-1.0, flipHoriz=False, flipVert=False, font='Arial', fontFiles=[], height=0.1, italic=False, languageStyle='LTR', name='Fixation', opacity=1.0, ori=0, pos=array([0., 0.]), rgb=array([255., 255., 255.]), text='+', units='norm', win=Window(...), wrapWidth=1)
6.6849 	EXP 	window1: mouseVisible = True
5.1273 	WARNING 	User requested fullscreen with size [1024  768], but screen is actually [1920, 1080]. Using actual size
5.8868 	EXP 	Created window1 = Window(allowGUI=False, allowStencil=False, args=UNKNOWN, autoLog=True, bitsMode=UNKNOWN, blendMode='avg', color=array([0., 0., 0.]), colorSpace='rgb', fullscr=<method-wrapper '__getattribute__' of attributeSetter object at 0x0BCAB530>, gamma=None, kwargs=UNKNOWN, lms=UNKNOWN, monitor=<psychopy.monitors.calibTools.Monitor object at 0x0F051330>, multiSample=False, name='window1', numSamples=2, pos=[0.0, 0.0], screen=0, size=array([1920, 1080]), stereo=False, units='norm', useFBO=True, useRetina=False, viewOri=0.0, viewPos=None, viewScale=None, waitBlanking=True, winType='pyglet')
5.8869 	EXP 	window1: recordFrameIntervals = False
6.0536 	EXP 	window1: recordFrameIntervals = True
6.2366 	EXP 	window1: recordFrameIntervals = False
6.3003 	EXP 	Created Estimate = ImageStim(__class__=<class 'psychopy.visual.image.ImageStim'>, autoLog=True, color=array([1., 1., 1.]), colorSpace='rgb', contrast=1.0, depth=0.0, flipHoriz=False, flipVert=False, image='RedPolkaVec.jpg', interpolate=True, mask=None, maskParams=None, name='Estimate', opacity=1.0, ori=0.0, pos=array([0., 0.]), size=array([0.5, 0.5]), texRes=128, units='norm', win=Window(...))
6.3885 	EXP 	Created Fixation = TextStim(__class__=<class 'psychopy.visual.text.TextStim'>, alignHoriz='center', alignVert='center', antialias=True, autoLog=True, bold=False, color='white', colorSpace='named', contrast=1.0, depth=-1.0, flipHoriz=False, flipVert=False, font='Arial', fontFiles=[], height=0.1, italic=False, languageStyle='LTR', name='Fixation', opacity=1.0, ori=0, pos=array([0., 0.]), rgb=array([255., 255., 255.]), text='+', units='norm', win=Window(...), wrapWidth=1)
6.3951 	EXP 	Created unnamed GratingStim = GratingStim(__class__=<class 'psychopy.visual.grating.GratingStim'>, autoDraw=False, autoLog=True, blendmode='avg', color='LightGray', colorSpace='named', contrast=1.0, depth=0, interpolate=False, mask='none', maskParams=None, name='unnamed GratingStim', opacity=1.0, ori=0.0, phase=array([0., 0.]), pos=array([ 0. , -0.4]), rgbPedestal=array([0., 0., 0.]), sf=array([0., 0.]), size=array([1.  , 0.01]), tex='sin', texRes=128, units='norm', win=Window(...))
6.3970 	EXP 	Created unnamed ElementArrayStim = ElementArrayStim(__class__=type(...), autoLog=True, colorSpace='named', colors='LightGray', contrs=array([1., 1.]), depths=0, elementMask=method-wrapper(...), elementTex=method-wrapper(...), fieldDepth=0, fieldPos=array([0., 0.]), fieldShape='circle', fieldSize=array([1., 1.]), interpolate=True, maskParams=None, nElements=2, name='unnamed ElementArrayStim', opacities=array([1., 1.]), oris=array([0., 0.]), phases=array([[0., 0.],
       [0., 0.]]), rgbs=ndarray(...), sfs=array([[0., 0.],
       [0., 0.]]), sizes=array([[0.01, 0.1 ],
       [0.01, 0.1 ]]), texRes=48, units='norm', win=Window(...), xys=array([[-0.5, -0.4],
       [ 0.5, -0.4]]))
6.3989 	EXP 	Created unnamed Circle = Circle(__class__=<class 'psychopy.visual.circle.Circle'>, autoDraw=False, autoLog=True, closeShape=True, color=method-wrapper(...), colorSpace=None, contrast=1.0, depth=0, fillColor='red', fillColorSpace='named', fillRGB=array([255.,   0.,   0.]), interpolate=True, lineColor='red', lineColorSpace='named', lineRGB=array([255.,   0.,   0.]), lineWidth=1.5, name='unnamed Circle', opacity=1.0, ori=array(0.), pos=array([0., 0.]), size=array([0.1       , 0.17777778]), units='norm', vertices=ndarray(...), win=Window(...))
6.3991 	EXP 	<method-wrapper '__getattribute__' of attributeSetter object at 0x08591E10>: vertices = array([[-0.55 ,  0.055],
       [ 0.55 ,  0.055],
       [ 0.55 , -0.055],
       [-0.55 , -0.055]])
6.3998 	EXP 	Created unnamed Rect = Rect(__class__=<class 'psychopy.visual.rect.Rect'>, autoDraw=False, autoLog=True, closeShape=True, color=method-wrapper(...), colorSpace=None, contrast=1.0, depth=0, fillColor=None, fillColorSpace='rgb', fillRGB=None, interpolate=True, lineColor='DarkGrey', lineColorSpace='named', lineRGB=array([169., 169., 169.]), lineWidth=1.5, name='unnamed Rect', opacity=1.0, ori=array(0.), pos=array([ 0. , -0.4]), size=array([1., 1.]), units='norm', vertices=ndarray(...), win=Window(...))
6.4001 	EXP 	Created slider = Slider(__class__=<class 'psychopy.visual.slider.Slider'>, autoDraw=False, autoLog=True, color='LightGray', depth=0, flip=False, font='HelveticaBold', granularity=0, labelHeight=None, labels=None, name='slider', pos=(0, -0.4), readOnly=False, self=UNKNOWN, size=(1.0, 0.1), style=method-wrapper(...), ticks=array([  1, 100]), units='norm', win=Window(...))
6.4003 	EXP 	<method-wrapper '__getattribute__' of attributeSetter object at 0x08591E10>: vertices = array([[-0.5 ,  0.05],
       [ 0.5 ,  0.05],
       [ 0.5 , -0.05],
       [-0.5 , -0.05]])
6.4010 	EXP 	Created unnamed Rect = Rect(__class__=<class 'psychopy.visual.rect.Rect'>, autoDraw=False, autoLog=True, closeShape=True, color=method-wrapper(...), colorSpace=None, contrast=1.0, depth=0, fillColor='DarkGray', fillColorSpace='named', fillRGB=array([169., 169., 169.]), interpolate=True, lineColor='LightGray', lineColorSpace='named', lineRGB=array([211., 211., 211.]), lineWidth=1.5, name='unnamed Rect', opacity=1.0, ori=array(0.), pos=array([ 0. , -0.4]), size=array([1., 1.]), units='norm', vertices=ndarray(...), win=Window(...))
6.4012 	EXP 	<method-wrapper '__getattribute__' of attributeSetter object at 0x08591E10>: vertices = array([[-0.05,  0.04],
       [ 0.05,  0.04],
       [ 0.05, -0.04],
       [-0.05, -0.04]])
6.4019 	EXP 	Created unnamed Rect = Rect(__class__=<class 'psychopy.visual.rect.Rect'>, autoDraw=False, autoLog=True, closeShape=True, color=method-wrapper(...), colorSpace=None, contrast=1.0, depth=0, fillColor='DarkSlateGray', fillColorSpace='named', fillRGB=array([47., 79., 79.]), interpolate=True, lineColor='GhostWhite', lineColorSpace='named', lineRGB=array([248., 248., 255.]), lineWidth=1.5, name='unnamed Rect', opacity=1.0, ori=array(0.), pos=array([0., 0.]), size=array([1., 1.]), units='norm', vertices=ndarray(...), win=Window(...))
6.4162 	EXP 	Created sequence: random, trialTypes=1, nReps=5, seed=None
6.4276 	EXP 	New trial (rep=0, index=0): None
6.4873 	EXP 	slider: autoLog = True
6.4873 	EXP 	slider: markerPos = None
6.4873 	EXP 	slider: rating = None
6.4873 	EXP 	slider: markerPos = None
6.4873 	EXP 	unnamed Circle: contrast = 1.0
6.4873 	EXP 	unnamed GratingStim: contrast = 1.0
6.4873 	EXP 	slider: contrast = 1.0
6.4873 	EXP 	slider: autoLog = True
6.4873 	EXP 	slider: style = ('slider',)
6.4873 	EXP 	slider: markerPos = None
6.4873 	EXP 	slider: markerPos = None
6.4873 	EXP 	slider: rating = None
6.4873 	EXP 	Fixation: autoDraw = True
7.1874 	EXP 	Fixation: autoDraw = False
7.2073 	EXP 	Estimate: autoDraw = True
9.1875 	EXP 	Estimate: autoDraw = False
9.2344 	EXP 	slider: autoDraw = True
10.5550 	DATA 	Mouse: Left button down, pos=(860,320)
10.5743 	EXP 	slider: markerPos = 40.1875
10.5743 	EXP 	unnamed Rect: pos = array([[-0.10416667, -0.4       ]])
10.5883 	EXP 	slider: markerPos = 40.1875
10.6047 	EXP 	slider: markerPos = 40.1875
10.6207 	EXP 	slider: markerPos = 40.1875
10.6373 	EXP 	slider: markerPos = 40.1875
10.6541 	EXP 	slider: markerPos = 40.1875
10.6709 	EXP 	slider: markerPos = 40.1875
10.6878 	EXP 	slider: markerPos = 40.1875
10.6882 	DATA 	Mouse:  Left button up, pos=(860,320)
10.7043 	EXP 	slider: markerPos = 40.1875
10.7043 	EXP 	slider: rating = 40.1875
10.7043 	EXP 	unnamed Rect: pos = array([[-0.10416667, -0.4       ]])
10.7890 	EXP 	New trial (rep=1, index=0): None
10.7965 	EXP 	Estimate: autoDraw = False
10.7965 	EXP 	Fixation: autoDraw = False
10.7965 	EXP 	slider: autoDraw = False
10.7965 	EXP 	slider: markerPos = None
10.7965 	EXP 	slider: markerPos = None
10.7965 	EXP 	slider: rating = None
10.7965 	EXP 	Fixation: autoDraw = True
11.5548 	EXP 	Fixation: autoDraw = False
11.5709 	EXP 	Estimate: autoDraw = True
13.5552 	EXP 	Estimate: autoDraw = False
13.5726 	EXP 	slider: autoDraw = True
14.3221 	DATA 	Mouse: Left button down, pos=(1148,337)
14.3391 	EXP 	slider: markerPos = 69.8875
14.3391 	EXP 	unnamed Rect: pos = array([[ 0.19583333, -0.4       ]])
14.3553 	EXP 	slider: markerPos = 69.8875
14.3723 	EXP 	slider: markerPos = 69.8875
14.3890 	EXP 	slider: markerPos = 69.8875
14.4052 	EXP 	slider: markerPos = 69.8875
14.4067 	DATA 	Mouse:  Left button up, pos=(1148,336)
14.4223 	EXP 	slider: markerPos = 69.8875
14.4392 	EXP 	slider: markerPos = 69.8875
14.4392 	EXP 	slider: rating = 69.8875
14.4392 	EXP 	unnamed Rect: pos = array([[ 0.19583333, -0.4       ]])
14.4399 	EXP 	New trial (rep=2, index=0): None
14.4557 	EXP 	Estimate: autoDraw = False
14.4557 	EXP 	Fixation: autoDraw = False
14.4557 	EXP 	slider: autoDraw = False
14.4557 	EXP 	slider: markerPos = None
14.4557 	EXP 	slider: markerPos = None
14.4557 	EXP 	slider: rating = None
14.4557 	EXP 	Fixation: autoDraw = True
15.2063 	EXP 	Fixation: autoDraw = False
15.2229 	EXP 	Estimate: autoDraw = True
17.2064 	EXP 	Estimate: autoDraw = False
17.2232 	EXP 	slider: autoDraw = True
17.9578 	DATA 	Mouse: Left button down, pos=(716,319)
17.9742 	EXP 	slider: markerPos = 25.337500000000002
17.9742 	EXP 	unnamed Rect: pos = array([[-0.25416667, -0.4       ]])
17.9906 	EXP 	slider: markerPos = 25.337500000000002
18.0073 	EXP 	slider: markerPos = 25.337500000000002
18.0230 	EXP 	slider: markerPos = 25.337500000000002
18.0234 	DATA 	Mouse:  Left button up, pos=(716,319)
18.0392 	EXP 	slider: markerPos = 25.337500000000002
18.0392 	EXP 	slider: rating = 25.337500000000002
18.0392 	EXP 	unnamed Rect: pos = array([[-0.25416667, -0.4       ]])
18.0400 	EXP 	New trial (rep=3, index=0): None
18.0559 	EXP 	Estimate: autoDraw = False
18.0559 	EXP 	Fixation: autoDraw = False
18.0559 	EXP 	slider: autoDraw = False
18.0559 	EXP 	slider: markerPos = None
18.0559 	EXP 	slider: markerPos = None
18.0559 	EXP 	slider: rating = None
18.0559 	EXP 	Fixation: autoDraw = True
18.8068 	EXP 	Fixation: autoDraw = False
18.8235 	EXP 	Estimate: autoDraw = True
20.8076 	EXP 	Estimate: autoDraw = False
20.8076 	EXP 	slider: autoDraw = True
21.3751 	DATA 	Mouse: Left button down, pos=(1230,314)
21.3912 	EXP 	slider: markerPos = 78.34375
21.3912 	EXP 	unnamed Rect: pos = array([[ 0.28125, -0.4    ]])
21.4080 	EXP 	slider: markerPos = 78.34375
21.4247 	EXP 	slider: markerPos = 78.34375
21.4413 	EXP 	slider: markerPos = 78.34375
21.4580 	EXP 	slider: markerPos = 78.34375
21.4750 	EXP 	slider: markerPos = 78.34375
21.4913 	EXP 	slider: markerPos = 78.34375
21.5080 	EXP 	slider: markerPos = 78.34375
21.5249 	EXP 	slider: markerPos = 78.34375
21.5252 	DATA 	Mouse:  Left button up, pos=(1230,313)
21.5412 	EXP 	slider: markerPos = 78.34375
21.5412 	EXP 	slider: rating = 78.34375
21.5412 	EXP 	unnamed Rect: pos = array([[ 0.28125, -0.4    ]])
21.5419 	EXP 	New trial (rep=4, index=0): None
21.5578 	EXP 	Estimate: autoDraw = False
21.5578 	EXP 	Fixation: autoDraw = False
21.5578 	EXP 	slider: autoDraw = False
21.5578 	EXP 	slider: markerPos = None
21.5578 	EXP 	slider: markerPos = None
21.5578 	EXP 	slider: rating = None
21.5578 	EXP 	Fixation: autoDraw = True
22.3081 	EXP 	Fixation: autoDraw = False
22.3249 	EXP 	Estimate: autoDraw = True
24.3088 	EXP 	Estimate: autoDraw = False
24.3252 	EXP 	slider: autoDraw = True
25.4261 	DATA 	Mouse: Left button down, pos=(645,316)
25.4424 	EXP 	slider: markerPos = 18.015625
25.4424 	EXP 	unnamed Rect: pos = array([[-0.328125, -0.4     ]])
25.4588 	EXP 	slider: markerPos = 18.015625
25.4757 	EXP 	slider: markerPos = 18.015625
25.4922 	EXP 	slider: markerPos = 18.015625
25.5091 	EXP 	slider: markerPos = 18.015625
25.5094 	DATA 	Mouse:  Left button up, pos=(645,316)
25.5257 	EXP 	slider: markerPos = 18.015625
25.5257 	EXP 	slider: rating = 18.015625
25.5257 	EXP 	unnamed Rect: pos = array([[-0.328125, -0.4     ]])
25.5942 	EXP 	window1: mouseVisible = True
